Using pre-set license
Built from '2020.3/staging' branch; Version is '2020.3.8f1 (507919d4fff5) revision 5273881'; Using compiler version '192528614'; Build Type 'Release'
OS: 'Windows 10 Pro; OS build 19042.1466; Version 2009; 64bit' Language: 'en' Physical Memory: 8097 MB
BatchMode: 1, IsHumanControllingUs: 0, StartBugReporterOnCrash: 0, Is64bit: 1, IsPro: 0

 COMMAND LINE ARGUMENTS:
E:\Software\Unity\Hub\Editor\2020.3.8f1\Editor\Unity.exe
-adb2
-batchMode
-noUpm
-name
AssetImportWorker0
-projectPath
D:/Unity Files/Tetris
-logFile
Logs/AssetImportWorker0.log
-srvPort
53803
Successfully changed project path to: D:/Unity Files/Tetris
D:/Unity Files/Tetris
Using Asset Import Pipeline V2.
Refreshing native plugins compatible for Editor in 47.71 ms, found 1 plugins.
Preloading 0 native plugins for Editor in 0.00 ms.
Initialize engine version: 2020.3.8f1 (507919d4fff5)
[Subsystems] Discovering subsystems at path E:/Software/Unity/Hub/Editor/2020.3.8f1/Editor/Data/Resources/UnitySubsystems
[Subsystems] Discovering subsystems at path D:/Unity Files/Tetris/Assets
GfxDevice: creating device client; threaded=0
Direct3D:
    Version:  Direct3D 11.0 [level 11.1]
    Renderer: Intel(R) HD Graphics Family (ID=0xa16)
    Vendor:   
    VRAM:     2048 MB
    Driver:   20.19.15.4835
Initialize mono
Mono path[0] = 'E:/Software/Unity/Hub/Editor/2020.3.8f1/Editor/Data/Managed'
Mono path[1] = 'E:/Software/Unity/Hub/Editor/2020.3.8f1/Editor/Data/MonoBleedingEdge/lib/mono/unityjit'
Mono config path = 'E:/Software/Unity/Hub/Editor/2020.3.8f1/Editor/Data/MonoBleedingEdge/etc'
Using monoOptions --debugger-agent=transport=dt_socket,embedding=1,server=y,suspend=n,address=127.0.0.1:56956
Begin MonoManager ReloadAssembly
Registering precompiled unity dll's ...
Register platform support module: E:/Software/Unity/Hub/Editor/2020.3.8f1/Editor/Data/PlaybackEngines/WindowsStandaloneSupport/UnityEditor.WindowsStandalone.Extensions.dll
Registered in 0.002808 seconds.
Native extension for WindowsStandalone target not found
Refreshing native plugins compatible for Editor in 52.21 ms, found 1 plugins.
Preloading 0 native plugins for Editor in 0.00 ms.
Mono: successfully reloaded assembly
- Completed reload, in  1.824 seconds
Platform modules already initialized, skipping
Registering precompiled user dll's ...
Registered in 0.001539 seconds.
Begin MonoManager ReloadAssembly
Native extension for WindowsStandalone target not found
Refreshing native plugins compatible for Editor in 122.71 ms, found 1 plugins.
Preloading 0 native plugins for Editor in 0.00 ms.
Mono: successfully reloaded assembly
- Completed reload, in  1.851 seconds
Platform modules already initialized, skipping
========================================================================
Worker process is ready to serve import requests
Launched and connected shader compiler UnityShaderCompiler.exe after 0.12 seconds
Refreshing native plugins compatible for Editor in 0.81 ms, found 1 plugins.
Preloading 0 native plugins for Editor in 0.00 ms.
Unloading 1827 Unused Serialized files (Serialized files now loaded: 0)
System memory in use before: 85.6 MB.
System memory in use after: 85.6 MB.

Unloading 24 unused Assets to reduce memory usage. Loaded Objects now: 2271.
Total: 6.085700 ms (FindLiveObjects: 0.348100 ms CreateObjectMapping: 0.154700 ms MarkObjects: 5.211500 ms  DeleteObjects: 0.368300 ms)

========================================================================
Received Import Request.
  path: Assets/Data/4.txt
  artifactKey: Guid(74b20799bdc89014486902d732631e4e) Importer(815301076,1909f56bfc062723c751e8b465ee728b)
Start importing Assets/Data/4.txt using Guid(74b20799bdc89014486902d732631e4e) Importer(815301076,1909f56bfc062723c751e8b465ee728b)  -> (artifact id: '3e6beacd4dbebb9d91a58296be8c8e73') in 0.129359 seconds
  Import took 0.144015 seconds .

========================================================================
Received Import Request.
  Time since last request: 671.298003 seconds.
  path: Assets/Data/4.txt
  artifactKey: Guid(74b20799bdc89014486902d732631e4e) Importer(815301076,1909f56bfc062723c751e8b465ee728b)
Start importing Assets/Data/4.txt using Guid(74b20799bdc89014486902d732631e4e) Importer(815301076,1909f56bfc062723c751e8b465ee728b)  -> (artifact id: 'f520a0502a2fde84498feebdbdc2a6f6') in 0.009321 seconds
  Import took 0.019641 seconds .

========================================================================
Received Import Request.
  Time since last request: 0.000896 seconds.
  path: Assets/Data/4.txt
  artifactKey: Guid(74b20799bdc89014486902d732631e4e) Importer(815301076,1909f56bfc062723c751e8b465ee728b)
Start importing Assets/Data/4.txt using Guid(74b20799bdc89014486902d732631e4e) Importer(815301076,1909f56bfc062723c751e8b465ee728b)  -> (artifact id: 'f520a0502a2fde84498feebdbdc2a6f6') in 0.006524 seconds
  Import took 0.016052 seconds .

========================================================================
Received Import Request.
  Time since last request: 635.756266 seconds.
  path: Assets/Data/4.txt
  artifactKey: Guid(74b20799bdc89014486902d732631e4e) Importer(815301076,1909f56bfc062723c751e8b465ee728b)
Start importing Assets/Data/4.txt using Guid(74b20799bdc89014486902d732631e4e) Importer(815301076,1909f56bfc062723c751e8b465ee728b)  -> (artifact id: 'acf14f102e5755046fff9364051241fe') in 0.006445 seconds
  Import took 0.018540 seconds .

========================================================================
Received Import Request.
  Time since last request: 0.806498 seconds.
  path: Assets/Data/1.txt
  artifactKey: Guid(82dd6c00bd1e8d547a403bfc8b19f4a2) Importer(815301076,1909f56bfc062723c751e8b465ee728b)
Start importing Assets/Data/1.txt using Guid(82dd6c00bd1e8d547a403bfc8b19f4a2) Importer(815301076,1909f56bfc062723c751e8b465ee728b)  -> (artifact id: '06d9316f783c833d278065fab8eac12d') in 0.004775 seconds
  Import took 0.014621 seconds .

========================================================================
Received Import Request.
  Time since last request: 0.001553 seconds.
  path: Assets/Data/1.txt
  artifactKey: Guid(82dd6c00bd1e8d547a403bfc8b19f4a2) Importer(815301076,1909f56bfc062723c751e8b465ee728b)
Start importing Assets/Data/1.txt using Guid(82dd6c00bd1e8d547a403bfc8b19f4a2) Importer(815301076,1909f56bfc062723c751e8b465ee728b)  -> (artifact id: '06d9316f783c833d278065fab8eac12d') in 0.006534 seconds
  Import took 0.018284 seconds .

========================================================================
Received Import Request.
  Time since last request: 5.621306 seconds.
  path: Assets/Data/1 1.txt
  artifactKey: Guid(451c9936ffb5c594fa611b22a46bcc6d) Importer(815301076,1909f56bfc062723c751e8b465ee728b)
Start importing Assets/Data/1 1.txt using Guid(451c9936ffb5c594fa611b22a46bcc6d) Importer(815301076,1909f56bfc062723c751e8b465ee728b)  -> (artifact id: '1ef388311760c5bf59d8d5fb5bfc921a') in 0.007515 seconds
  Import took 0.016768 seconds .

========================================================================
Received Import Request.
  Time since last request: 5.474993 seconds.
  path: Assets/Data/Symbols.txt
  artifactKey: Guid(451c9936ffb5c594fa611b22a46bcc6d) Importer(815301076,1909f56bfc062723c751e8b465ee728b)
Start importing Assets/Data/Symbols.txt using Guid(451c9936ffb5c594fa611b22a46bcc6d) Importer(815301076,1909f56bfc062723c751e8b465ee728b)  -> (artifact id: '47cef23c8bffbfbdc651a5d477ff0fb6') in 0.016393 seconds
  Import took 0.062378 seconds .

========================================================================
Received Import Request.
  Time since last request: 233.349592 seconds.
  path: Assets/Data/Symbols.txt
  artifactKey: Guid(451c9936ffb5c594fa611b22a46bcc6d) Importer(815301076,1909f56bfc062723c751e8b465ee728b)
Start importing Assets/Data/Symbols.txt using Guid(451c9936ffb5c594fa611b22a46bcc6d) Importer(815301076,1909f56bfc062723c751e8b465ee728b)  -> (artifact id: '45850db8e7616b9babc2588c809c2708') in 0.010948 seconds
  Import took 0.020310 seconds .

========================================================================
Received Import Request.
  Time since last request: 0.001236 seconds.
  path: Assets/Data/Symbols.txt
  artifactKey: Guid(451c9936ffb5c594fa611b22a46bcc6d) Importer(815301076,1909f56bfc062723c751e8b465ee728b)
Start importing Assets/Data/Symbols.txt using Guid(451c9936ffb5c594fa611b22a46bcc6d) Importer(815301076,1909f56bfc062723c751e8b465ee728b)  -> (artifact id: '45850db8e7616b9babc2588c809c2708') in 0.004851 seconds
  Import took 0.012571 seconds .

AssetImportWorkerClient::OnTransportError - code=2 error=End of file
